2025-05-27T12:21:38: 🚀 두레이 통합 시스템 시작
2025-05-27T12:21:38: ==================================================
2025-05-27T12:21:38: ⚠️ sudo 권한이 없어 자동 출퇴근 시스템은 비활성화됩니다.
2025-05-27T12:21:38: 💡 전체 기능을 사용하려면 'sudo node index.js'로 실행하세요.
2025-05-27T12:21:38: 📡 현재는 API 서버만 실행됩니다.
2025-05-27T12:21:38: 🌐 두레이 API 서버 시작
2025-05-27T12:21:38: 📡 포트: 3001
2025-05-27T12:21:38: 📋 사용 가능한 API:
2025-05-27T12:21:38:    POST /check-in    - 출근 처리
2025-05-27T12:21:38:    POST /check-out   - 퇴근 처리
2025-05-27T12:21:38:    GET  /status      - 상태 조회 (캐시)
2025-05-27T12:21:38:    GET  /actual-times - 실제 출퇴근 시간 조회
2025-05-27T12:21:38:    GET  /health      - 헬스체크
2025-05-27T12:21:43: 🌐 [오후 12:21:43] GET /health - IP: ::1
2025-05-27T12:25:41: 🌐 [오후 12:25:41] GET /actual-times - IP: ::1
2025-05-27T12:25:41: ▶︎ [API] GET /actual-times 호출됨
2025-05-27T12:25:41: 🔍 [실제조회] 두레이 출퇴근 시간 조회 시작
2025-05-27T12:25:44: 🌐 로그인 페이지 이동 중...
2025-05-27T12:25:46: 🔍 로그인 요소 확인 중...
2025-05-27T12:25:46: 📝 로그인 정보 입력 중...
2025-05-27T12:25:48: 🚀 로그인 시도...
2025-05-27T12:25:50: ✅ 로그인 성공!
2025-05-27T12:25:50: ⏳ [실제조회] 페이지 로딩 대기...
2025-05-27T12:25:53: 🕐 [실제조회] 출퇴근 시간 추출 시도...
2025-05-27T12:25:54: 📊 [실제조회] check-time 클래스 요소: 2개 발견
2025-05-27T12:25:54: ✅ [실제조회] 출근 시간 추출 성공: 08:55:09
2025-05-27T12:25:54: ✅ [실제조회] 퇴근 시간 추출 성공: -
2025-05-27T12:25:54: 🎯 [실제조회] 최종 결과 - 출근: 08:55:09, 퇴근: -
2025-05-27T12:25:54: ✅ [API] 실제 출퇴근 시간 조회 완료: { checkInTime: '08:55:09', checkOutTime: '-' }
2025-05-27T13:35:39: 🌐 [오후 1:35:39] GET /actual-times - IP: ::1
2025-05-27T13:35:39: ▶︎ [API] GET /actual-times 호출됨
2025-05-27T13:35:39: 🔍 [실제조회] 두레이 출퇴근 시간 조회 시작
2025-05-27T13:35:45: 🌐 로그인 페이지 이동 중...
2025-05-27T13:35:46: 🔍 로그인 요소 확인 중...
2025-05-27T13:35:46: 📝 로그인 정보 입력 중...
2025-05-27T13:35:48: 🚀 로그인 시도...
2025-05-27T13:35:52: ✅ 로그인 성공!
2025-05-27T13:35:52: ⏳ [실제조회] 페이지 로딩 대기...
2025-05-27T13:35:55: 🕐 [실제조회] 출퇴근 시간 추출 시도...
2025-05-27T13:35:55: 📊 [실제조회] check-time 클래스 요소: 2개 발견
2025-05-27T13:35:55: ✅ [실제조회] 출근 시간 추출 성공: 08:55:09
2025-05-27T13:35:55: ✅ [실제조회] 퇴근 시간 추출 성공: -
2025-05-27T13:35:55: 🎯 [실제조회] 최종 결과 - 출근: 08:55:09, 퇴근: -
2025-05-27T13:35:55: ✅ [API] 실제 출퇴근 시간 조회 완료: { checkInTime: '08:55:09', checkOutTime: '-' }
2025-05-27T14:50:40: 🌐 [오후 2:50:40] GET /health - IP: ::1
2025-05-27T14:56:00: 🌐 [오후 2:56:00] GET /health - IP: ::1
2025-05-27T14:59:38: 🌐 [오후 2:59:38] GET /health - IP: ::1
2025-05-27T15:01:28: 🌐 [오후 3:01:28] GET /health - IP: ::1
2025-05-27T15:02:04: 🌐 [오후 3:02:04] GET /health - IP: ::1
2025-05-27T15:11:22: 🌐 [오후 3:11:22] GET /health - IP: ::1
2025-05-27T15:12:33: 🌐 [오후 3:12:33] GET /health - IP: ::1
2025-05-27T15:12:51: 🌐 [오후 3:12:51] GET /actual-times - IP: ::1
2025-05-27T15:12:51: ▶︎ [API] GET /actual-times 호출됨
2025-05-27T15:12:51: 🔍 [실제조회] 두레이 출퇴근 시간 조회 시작
2025-05-27T15:12:53: 🌐 로그인 페이지 이동 중...
2025-05-27T15:12:54: 🔍 로그인 요소 확인 중...
2025-05-27T15:12:54: 📝 로그인 정보 입력 중...
2025-05-27T15:12:56: 🚀 로그인 시도...
2025-05-27T15:13:00: ✅ 로그인 성공!
2025-05-27T15:13:00: ⏳ [실제조회] 페이지 로딩 대기...
2025-05-27T15:13:03: 🕐 [실제조회] 출퇴근 시간 추출 시도...
2025-05-27T15:13:03: 📊 [실제조회] check-time 클래스 요소: 2개 발견
2025-05-27T15:13:03: ✅ [실제조회] 출근 시간 추출 성공: 08:55:09
2025-05-27T15:13:03: ✅ [실제조회] 퇴근 시간 추출 성공: -
2025-05-27T15:13:03: 🎯 [실제조회] 최종 결과 - 출근: 08:55:09, 퇴근: -
2025-05-27T15:13:03: ✅ [API] 실제 출퇴근 시간 조회 완료: { checkInTime: '08:55:09', checkOutTime: '-' }
2025-05-27T15:13:09: 🌐 [오후 3:13:09] GET /actual-times - IP: ::1
2025-05-27T15:13:09: ▶︎ [API] GET /actual-times 호출됨
2025-05-27T15:13:09: 🔍 [실제조회] 두레이 출퇴근 시간 조회 시작
2025-05-27T15:13:10: 🌐 로그인 페이지 이동 중...
2025-05-27T15:14:27: 🌐 [오후 3:14:27] GET /actual-times - IP: ::1
2025-05-27T15:14:27: ▶︎ [API] GET /actual-times 호출됨
2025-05-27T15:14:27: 🔍 [실제조회] 두레이 출퇴근 시간 조회 시작
2025-05-27T15:14:28: 🌐 로그인 페이지 이동 중...
2025-05-27T15:14:29: 🔍 로그인 요소 확인 중...
2025-05-27T15:14:29: 📝 로그인 정보 입력 중...
2025-05-27T15:14:31: 🚀 로그인 시도...
2025-05-27T15:14:34: ✅ 로그인 성공!
2025-05-27T15:14:34: ⏳ [실제조회] 페이지 로딩 대기...
2025-05-27T15:14:37: 🕐 [실제조회] 출퇴근 시간 추출 시도...
2025-05-27T15:14:37: 📊 [실제조회] check-time 클래스 요소: 2개 발견
2025-05-27T15:14:37: ✅ [실제조회] 출근 시간 추출 성공: 08:55:09
2025-05-27T15:14:37: ✅ [실제조회] 퇴근 시간 추출 성공: -
2025-05-27T15:14:37: 🎯 [실제조회] 최종 결과 - 출근: 08:55:09, 퇴근: -
2025-05-27T15:14:37: ✅ [API] 실제 출퇴근 시간 조회 완료: { checkInTime: '08:55:09', checkOutTime: '-' }
2025-05-27T15:15:53: 🌐 [오후 3:15:53] GET /health - IP: ::1
2025-05-27T15:15:57: 🌐 [오후 3:15:57] GET /actual-times - IP: ::1
2025-05-27T15:15:57: ▶︎ [API] GET /actual-times 호출됨
2025-05-27T15:15:57: 🔍 [실제조회] 두레이 출퇴근 시간 조회 시작
2025-05-27T15:15:58: 🌐 로그인 페이지 이동 중...
2025-05-27T15:16:00: 🔍 로그인 요소 확인 중...
2025-05-27T15:16:00: 📝 로그인 정보 입력 중...
2025-05-27T15:16:02: 🚀 로그인 시도...
2025-05-27T15:16:05: ✅ 로그인 성공!
2025-05-27T15:16:05: ⏳ [실제조회] 페이지 로딩 대기...
2025-05-27T15:16:08: 🕐 [실제조회] 출퇴근 시간 추출 시도...
2025-05-27T15:16:08: 📊 [실제조회] check-time 클래스 요소: 2개 발견
2025-05-27T15:16:08: ✅ [실제조회] 출근 시간 추출 성공: 08:55:09
2025-05-27T15:16:08: ✅ [실제조회] 퇴근 시간 추출 성공: -
2025-05-27T15:16:08: 🎯 [실제조회] 최종 결과 - 출근: 08:55:09, 퇴근: -
2025-05-27T15:16:08: ✅ [API] 실제 출퇴근 시간 조회 완료: { checkInTime: '08:55:09', checkOutTime: '-' }
